  adressbook.cpp
C:\localapp\apps\vcpkg\vcpkg\packages\protobuf_x64-windows\include\google\protobuf\stubs\status.h(97,15): warning C4251: 'google::protobuf::util::status_internal::Status::error_message_': class 'std::basic_string<char,std::char_traits<char>,std::allocator<char>>' needs to have dll-interface to be used by clients of class 'google::protobuf::util::status_internal::Status'
C:\Program Files (x86)\Microsoft Visual Studio\2019\Professional\VC\Tools\MSVC\14.29.30133\include\xstring(4871): message : see declaration of 'std::basic_string<char,std::char_traits<char>,std::allocator<char>>'
C:\localapp\apps\vcpkg\vcpkg\packages\protobuf_x64-windows\include\google\protobuf\stubs\logging.h(100,15): warning C4251: 'google::protobuf::internal::LogMessage::message_': class 'std::basic_string<char,std::char_traits<char>,std::allocator<char>>' needs to have dll-interface to be used by clients of class 'google::protobuf::internal::LogMessage'
C:\Program Files (x86)\Microsoft Visual Studio\2019\Professional\VC\Tools\MSVC\14.29.30133\include\xstring(4871): message : see declaration of 'std::basic_string<char,std::char_traits<char>,std::allocator<char>>'
C:\localapp\apps\vcpkg\vcpkg\packages\protobuf_x64-windows\include\google\protobuf\io\coded_stream.h(1275,28): warning C4251: 'google::protobuf::io::CodedOutputStream::default_serialization_deterministic_': struct 'std::atomic<bool>' needs to have dll-interface to be used by clients of class 'google::protobuf::io::CodedOutputStream'
C:\Program Files (x86)\Microsoft Visual Studio\2019\Professional\VC\Tools\MSVC\14.29.30133\include\atomic(2835): message : see declaration of 'std::atomic<bool>'
C:\localapp\apps\vcpkg\vcpkg\packages\protobuf_x64-windows\include\google\protobuf\arena_impl.h(401,23): warning C4251: 'google::protobuf::internal::SerialArena::space_allocated_': struct 'std::atomic<unsigned int>' needs to have dll-interface to be used by clients of class 'google::protobuf::internal::SerialArena'
C:\Program Files (x86)\Microsoft Visual Studio\2019\Professional\VC\Tools\MSVC\14.29.30133\include\atomic(2843): message : see declaration of 'std::atomic<unsigned int>'
C:\localapp\apps\vcpkg\vcpkg\packages\protobuf_x64-windows\include\google\protobuf\arena_impl.h(532,29): warning C4251: 'google::protobuf::internal::ThreadSafeArena::alloc_policy_': class 'google::protobuf::internal::TaggedAllocationPolicyPtr' needs to have dll-interface to be used by clients of class 'google::protobuf::internal::ThreadSafeArena'
C:\localapp\apps\vcpkg\vcpkg\packages\protobuf_x64-windows\include\google\protobuf\arena_impl.h(123): message : see declaration of 'google::protobuf::internal::TaggedAllocationPolicyPtr'
C:\localapp\apps\vcpkg\vcpkg\packages\protobuf_x64-windows\include\google\protobuf\arena_impl.h(537,29): warning C4251: 'google::protobuf::internal::ThreadSafeArena::threads_': struct 'std::atomic<google::protobuf::internal::SerialArena *>' needs to have dll-interface to be used by clients of class 'google::protobuf::internal::ThreadSafeArena'
C:\localapp\apps\vcpkg\vcpkg\packages\protobuf_x64-windows\include\google\protobuf\arena_impl.h(537): message : see declaration of 'std::atomic<google::protobuf::internal::SerialArena *>'
C:\localapp\apps\vcpkg\vcpkg\packages\protobuf_x64-windows\include\google\protobuf\arena_impl.h(538,29): warning C4251: 'google::protobuf::internal::ThreadSafeArena::hint_': struct 'std::atomic<google::protobuf::internal::SerialArena *>' needs to have dll-interface to be used by clients of class 'google::protobuf::internal::ThreadSafeArena'
C:\localapp\apps\vcpkg\vcpkg\packages\protobuf_x64-windows\include\google\protobuf\arena_impl.h(537): message : see declaration of 'std::atomic<google::protobuf::internal::SerialArena *>'
C:\localapp\apps\vcpkg\vcpkg\packages\protobuf_x64-windows\include\google\protobuf\arena_impl.h(660,30): warning C4251: 'google::protobuf::internal::ThreadSafeArena::arena_stats_': class 'google::protobuf::internal::ThreadSafeArenaStatsHandle' needs to have dll-interface to be used by clients of class 'google::protobuf::internal::ThreadSafeArena'
C:\localapp\apps\vcpkg\vcpkg\packages\protobuf_x64-windows\include\google\protobuf\arenaz_sampler.h(159): message : see declaration of 'google::protobuf::internal::ThreadSafeArenaStatsHandle'
C:\localapp\apps\vcpkg\vcpkg\packages\protobuf_x64-windows\include\google\protobuf\arenastring.h(82,43): warning C4251: 'google::protobuf::internal::LazyString::inited_': struct 'std::atomic<const std::string *>' needs to have dll-interface to be used by clients of class 'google::protobuf::internal::LazyString'
C:\localapp\apps\vcpkg\vcpkg\packages\protobuf_x64-windows\include\google\protobuf\arenastring.h(82): message : see declaration of 'std::atomic<const std::string *>'
C:\localapp\apps\vcpkg\vcpkg\packages\protobuf_x64-windows\include\google\protobuf\arenastring.h(367,19): warning C4251: 'google::protobuf::internal::ArenaStringPtr::tagged_ptr_': class 'google::protobuf::internal::TaggedStringPtr' needs to have dll-interface to be used by clients of struct 'google::protobuf::internal::ArenaStringPtr'
C:\localapp\apps\vcpkg\vcpkg\packages\protobuf_x64-windows\include\google\protobuf\arenastring.h(97): message : see declaration of 'google::protobuf::internal::TaggedStringPtr'
C:\localapp\apps\vcpkg\vcpkg\packages\protobuf_x64-windows\include\google\protobuf\metadata_lite.h(307,15): warning C4251: 'google::protobuf::internal::LiteUnknownFieldSetter::buffer_': class 'std::basic_string<char,std::char_traits<char>,std::allocator<char>>' needs to have dll-interface to be used by clients of class 'google::protobuf::internal::LiteUnknownFieldSetter'
C:\Program Files (x86)\Microsoft Visual Studio\2019\Professional\VC\Tools\MSVC\14.29.30133\include\xstring(4871): message : see declaration of 'std::basic_string<char,std::char_traits<char>,std::allocator<char>>'
C:\localapp\apps\vcpkg\vcpkg\packages\protobuf_x64-windows\include\google\protobuf\generated_message_util.h(194,20): warning C4251: 'google::protobuf::internal::CachedSize::size_': struct 'std::atomic<int>' needs to have dll-interface to be used by clients of class 'google::protobuf::internal::CachedSize'
C:\Program Files (x86)\Microsoft Visual Studio\2019\Professional\VC\Tools\MSVC\14.29.30133\include\atomic(2842): message : see declaration of 'std::atomic<int>'
C:\localapp\apps\vcpkg\vcpkg\packages\protobuf_x64-windows\include\google\protobuf\stubs\mutex.h(136,40): warning C4251: 'google::protobuf::internal::WrappedMutex::mu_': class 'google::protobuf::internal::CallOnceInitializedMutex<std::mutex>' needs to have dll-interface to be used by clients of class 'google::protobuf::internal::WrappedMutex'
C:\localapp\apps\vcpkg\vcpkg\packages\protobuf_x64-windows\include\google\protobuf\stubs\mutex.h(136): message : see declaration of 'google::protobuf::internal::CallOnceInitializedMutex<std::mutex>'
C:\localapp\apps\vcpkg\vcpkg\packages\protobuf_x64-windows\include\google\protobuf\descriptor.h(2063,27): warning C4251: 'google::protobuf::DescriptorPool::tables_': class 'std::unique_ptr<google::protobuf::DescriptorPool::Tables,std::default_delete<google::protobuf::DescriptorPool::Tables>>' needs to have dll-interface to be used by clients of class 'google::protobuf::DescriptorPool'
C:\localapp\apps\vcpkg\vcpkg\packages\protobuf_x64-windows\include\google\protobuf\descriptor.h(2063): message : see declaration of 'std::unique_ptr<google::protobuf::DescriptorPool::Tables,std::default_delete<google::protobuf::DescriptorPool::Tables>>'
C:\localapp\apps\vcpkg\vcpkg\packages\protobuf_x64-windows\include\google\protobuf\descriptor.h(2073,31): warning C4251: 'google::protobuf::DescriptorPool::unused_import_track_files_': class 'std::map<std::string,bool,std::less<std::string>,std::allocator<std::pair<const std::string,bool>>>' needs to have dll-interface to be used by clients of class 'google::protobuf::DescriptorPool'
C:\localapp\apps\vcpkg\vcpkg\packages\protobuf_x64-windows\include\google\protobuf\descriptor.h(2073): message : see declaration of 'std::map<std::string,bool,std::less<std::string>,std::allocator<std::pair<const std::string,bool>>>'
C:\localapp\apps\vcpkg\vcpkg\packages\protobuf_x64-windows\include\google\protobuf\io\zero_copy_stream_impl_lite.h(247,30): warning C4251: 'google::protobuf::io::CopyingInputStreamAdaptor::buffer_': class 'std::unique_ptr<uint8_t [],std::default_delete<uint8_t []>>' needs to have dll-interface to be used by clients of class 'google::protobuf::io::CopyingInputStreamAdaptor'
C:\localapp\apps\vcpkg\vcpkg\packages\protobuf_x64-windows\include\google\protobuf\io\zero_copy_stream_impl_lite.h(247): message : see declaration of 'std::unique_ptr<uint8_t [],std::default_delete<uint8_t []>>'
C:\localapp\apps\vcpkg\vcpkg\packages\protobuf_x64-windows\include\google\protobuf\io\zero_copy_stream_impl_lite.h(338,30): warning C4251: 'google::protobuf::io::CopyingOutputStreamAdaptor::buffer_': class 'std::unique_ptr<uint8_t [],std::default_delete<uint8_t []>>' needs to have dll-interface to be used by clients of class 'google::protobuf::io::CopyingOutputStreamAdaptor'
C:\localapp\apps\vcpkg\vcpkg\packages\protobuf_x64-windows\include\google\protobuf\io\zero_copy_stream_impl_lite.h(247): message : see declaration of 'std::unique_ptr<uint8_t [],std::default_delete<uint8_t []>>'
C:\localapp\apps\vcpkg\vcpkg\packages\protobuf_x64-windows\include\google\protobuf\unknown_field_set.h(211,29): warning C4251: 'google::protobuf::UnknownFieldSet::fields_': class 'std::vector<google::protobuf::UnknownField,std::allocator<google::protobuf::UnknownField>>' needs to have dll-interface to be used by clients of class 'google::protobuf::UnknownFieldSet'
C:\localapp\apps\vcpkg\vcpkg\packages\protobuf_x64-windows\include\google\protobuf\unknown_field_set.h(211): message : see declaration of 'std::vector<google::protobuf::UnknownField,std::allocator<google::protobuf::UnknownField>>'
C:\localapp\apps\vcpkg\vcpkg\packages\protobuf_x64-windows\include\google\protobuf\extension_set.h(1057,26): warning C4251: 'google::protobuf::internal::RepeatedPrimitiveDefaults::default_repeated_field_int32_t_': class 'google::protobuf::RepeatedField<int32_t>' needs to have dll-interface to be used by clients of class 'google::protobuf::internal::RepeatedPrimitiveDefaults'
C:\localapp\apps\vcpkg\vcpkg\packages\protobuf_x64-windows\include\google\protobuf\repeated_field.h(1193): message : see declaration of 'google::protobuf::RepeatedField<int32_t>'
C:\localapp\apps\vcpkg\vcpkg\packages\protobuf_x64-windows\include\google\protobuf\extension_set.h(1058,26): warning C4251: 'google::protobuf::internal::RepeatedPrimitiveDefaults::default_repeated_field_int64_t_': class 'google::protobuf::RepeatedField<int64_t>' needs to have dll-interface to be used by clients of class 'google::protobuf::internal::RepeatedPrimitiveDefaults'
C:\localapp\apps\vcpkg\vcpkg\packages\protobuf_x64-windows\include\google\protobuf\repeated_field.h(1195): message : see declaration of 'google::protobuf::RepeatedField<int64_t>'
C:\localapp\apps\vcpkg\vcpkg\packages\protobuf_x64-windows\include\google\protobuf\extension_set.h(1059,27): warning C4251: 'google::protobuf::internal::RepeatedPrimitiveDefaults::default_repeated_field_uint32_t_': class 'google::protobuf::RepeatedField<uint32_t>' needs to have dll-interface to be used by clients of class 'google::protobuf::internal::RepeatedPrimitiveDefaults'
C:\localapp\apps\vcpkg\vcpkg\packages\protobuf_x64-windows\include\google\protobuf\repeated_field.h(1194): message : see declaration of 'google::protobuf::RepeatedField<uint32_t>'
C:\localapp\apps\vcpkg\vcpkg\packages\protobuf_x64-windows\include\google\protobuf\extension_set.h(1060,27): warning C4251: 'google::protobuf::internal::RepeatedPrimitiveDefaults::default_repeated_field_uint64_t_': class 'google::protobuf::RepeatedField<uint64_t>' needs to have dll-interface to be used by clients of class 'google::protobuf::internal::RepeatedPrimitiveDefaults'
C:\localapp\apps\vcpkg\vcpkg\packages\protobuf_x64-windows\include\google\protobuf\repeated_field.h(1196): message : see declaration of 'google::protobuf::RepeatedField<uint64_t>'
C:\localapp\apps\vcpkg\vcpkg\packages\protobuf_x64-windows\include\google\protobuf\extension_set.h(1061,25): warning C4251: 'google::protobuf::internal::RepeatedPrimitiveDefaults::default_repeated_field_double_': class 'google::protobuf::RepeatedField<double>' needs to have dll-interface to be used by clients of class 'google::protobuf::internal::RepeatedPrimitiveDefaults'
C:\localapp\apps\vcpkg\vcpkg\packages\protobuf_x64-windows\include\google\protobuf\repeated_field.h(1198): message : see declaration of 'google::protobuf::RepeatedField<double>'
C:\localapp\apps\vcpkg\vcpkg\packages\protobuf_x64-windows\include\google\protobuf\extension_set.h(1062,24): warning C4251: 'google::protobuf::internal::RepeatedPrimitiveDefaults::default_repeated_field_float_': class 'google::protobuf::RepeatedField<float>' needs to have dll-interface to be used by clients of class 'google::protobuf::internal::RepeatedPrimitiveDefaults'
C:\localapp\apps\vcpkg\vcpkg\packages\protobuf_x64-windows\include\google\protobuf\repeated_field.h(1197): message : see declaration of 'google::protobuf::RepeatedField<float>'
C:\localapp\apps\vcpkg\vcpkg\packages\protobuf_x64-windows\include\google\protobuf\extension_set.h(1063,23): warning C4251: 'google::protobuf::internal::RepeatedPrimitiveDefaults::default_repeated_field_bool_': class 'google::protobuf::RepeatedField<bool>' needs to have dll-interface to be used by clients of class 'google::protobuf::internal::RepeatedPrimitiveDefaults'
C:\localapp\apps\vcpkg\vcpkg\packages\protobuf_x64-windows\include\google\protobuf\repeated_field.h(1192): message : see declaration of 'google::protobuf::RepeatedField<bool>'
adressbook.obj : error LNK2019: unresolved external symbol "__declspec(dllimport) private: void * __thiscall google::protobuf::internal::RepeatedPtrFieldBase::AddOutOfLineHelper(void *)" (__imp_?AddOutOfLineHelper@RepeatedPtrFieldBase@internal@protobuf@google@@AAEPAXPAX@Z) referenced in function "protected: class tutorial::Person * __thiscall google::protobuf::internal::RepeatedPtrFieldBase::Add<class google::protobuf::RepeatedPtrField<class tutorial::Person>::TypeHandler>(class tutorial::Person const *)" (??$Add@VTypeHandler@?$RepeatedPtrField@VPerson@tutorial@@@protobuf@google@@@RepeatedPtrFieldBase@internal@protobuf@google@@IAEPAVPerson@tutorial@@PBV45@@Z)
adressbook.obj : error LNK2019: unresolved external symbol "private: static class tutorial::Person * __cdecl google::protobuf::Arena::CreateMaybeMessage<class tutorial::Person>(class google::protobuf::Arena *)" (??$CreateMaybeMessage@VPerson@tutorial@@$$V@Arena@protobuf@google@@CAPAVPerson@tutorial@@PAV012@@Z) referenced in function "public: static class tutorial::Person * __cdecl google::protobuf::internal::GenericTypeHandler<class tutorial::Person>::New(class google::protobuf::Arena *)" (?New@?$GenericTypeHandler@VPerson@tutorial@@@internal@protobuf@google@@SAPAVPerson@tutorial@@PAVArena@34@@Z)
C:\localapp\apps\vcpkg\vcpkg\packages\protobuf_x64-windows\lib\libprotoc.lib : warning LNK4272: library machine type 'x64' conflicts with target machine type 'x86'
C:\localapp\apps\vcpkg\vcpkg\packages\protobuf_x64-windows\lib\libprotobuf.lib : warning LNK4272: library machine type 'x64' conflicts with target machine type 'x86'
C:\Users\FL0036251\source\repos\adressbook\Debug\adressbook.exe : fatal error LNK1120: 2 unresolved externals
