  server.cpp
C:\localapp\apps\vcpkg\vcpkg\packages\protobuf_x64-windows\include\google\protobuf\stubs\status.h(97,15): warning C4251: 'google::protobuf::util::status_internal::Status::error_message_': class 'std::basic_string<char,std::char_traits<char>,std::allocator<char>>' needs to have dll-interface to be used by clients of class 'google::protobuf::util::status_internal::Status'
C:\Program Files (x86)\Microsoft Visual Studio\2019\Professional\VC\Tools\MSVC\14.29.30133\include\xstring(4871): message : see declaration of 'std::basic_string<char,std::char_traits<char>,std::allocator<char>>'
C:\localapp\apps\vcpkg\vcpkg\packages\protobuf_x64-windows\include\google\protobuf\stubs\logging.h(100,15): warning C4251: 'google::protobuf::internal::LogMessage::message_': class 'std::basic_string<char,std::char_traits<char>,std::allocator<char>>' needs to have dll-interface to be used by clients of class 'google::protobuf::internal::LogMessage'
C:\Program Files (x86)\Microsoft Visual Studio\2019\Professional\VC\Tools\MSVC\14.29.30133\include\xstring(4871): message : see declaration of 'std::basic_string<char,std::char_traits<char>,std::allocator<char>>'
C:\localapp\apps\vcpkg\vcpkg\packages\protobuf_x64-windows\include\google\protobuf\io\coded_stream.h(1275,28): warning C4251: 'google::protobuf::io::CodedOutputStream::default_serialization_deterministic_': struct 'std::atomic<bool>' needs to have dll-interface to be used by clients of class 'google::protobuf::io::CodedOutputStream'
C:\Program Files (x86)\Microsoft Visual Studio\2019\Professional\VC\Tools\MSVC\14.29.30133\include\atomic(2835): message : see declaration of 'std::atomic<bool>'
C:\localapp\apps\vcpkg\vcpkg\packages\protobuf_x64-windows\include\google\protobuf\arena_impl.h(401,23): warning C4251: 'google::protobuf::internal::SerialArena::space_allocated_': struct 'std::atomic<unsigned __int64>' needs to have dll-interface to be used by clients of class 'google::protobuf::internal::SerialArena'
C:\Program Files (x86)\Microsoft Visual Studio\2019\Professional\VC\Tools\MSVC\14.29.30133\include\atomic(2847): message : see declaration of 'std::atomic<unsigned __int64>'
C:\localapp\apps\vcpkg\vcpkg\packages\protobuf_x64-windows\include\google\protobuf\arena_impl.h(532,29): warning C4251: 'google::protobuf::internal::ThreadSafeArena::alloc_policy_': class 'google::protobuf::internal::TaggedAllocationPolicyPtr' needs to have dll-interface to be used by clients of class 'google::protobuf::internal::ThreadSafeArena'
C:\localapp\apps\vcpkg\vcpkg\packages\protobuf_x64-windows\include\google\protobuf\arena_impl.h(123): message : see declaration of 'google::protobuf::internal::TaggedAllocationPolicyPtr'
C:\localapp\apps\vcpkg\vcpkg\packages\protobuf_x64-windows\include\google\protobuf\arena_impl.h(537,29): warning C4251: 'google::protobuf::internal::ThreadSafeArena::threads_': struct 'std::atomic<google::protobuf::internal::SerialArena *>' needs to have dll-interface to be used by clients of class 'google::protobuf::internal::ThreadSafeArena'
C:\localapp\apps\vcpkg\vcpkg\packages\protobuf_x64-windows\include\google\protobuf\arena_impl.h(537): message : see declaration of 'std::atomic<google::protobuf::internal::SerialArena *>'
C:\localapp\apps\vcpkg\vcpkg\packages\protobuf_x64-windows\include\google\protobuf\arena_impl.h(538,29): warning C4251: 'google::protobuf::internal::ThreadSafeArena::hint_': struct 'std::atomic<google::protobuf::internal::SerialArena *>' needs to have dll-interface to be used by clients of class 'google::protobuf::internal::ThreadSafeArena'
C:\localapp\apps\vcpkg\vcpkg\packages\protobuf_x64-windows\include\google\protobuf\arena_impl.h(537): message : see declaration of 'std::atomic<google::protobuf::internal::SerialArena *>'
C:\localapp\apps\vcpkg\vcpkg\packages\protobuf_x64-windows\include\google\protobuf\arena_impl.h(660,30): warning C4251: 'google::protobuf::internal::ThreadSafeArena::arena_stats_': class 'google::protobuf::internal::ThreadSafeArenaStatsHandle' needs to have dll-interface to be used by clients of class 'google::protobuf::internal::ThreadSafeArena'
C:\localapp\apps\vcpkg\vcpkg\packages\protobuf_x64-windows\include\google\protobuf\arenaz_sampler.h(159): message : see declaration of 'google::protobuf::internal::ThreadSafeArenaStatsHandle'
C:\localapp\apps\vcpkg\vcpkg\packages\protobuf_x64-windows\include\google\protobuf\arenastring.h(82,43): warning C4251: 'google::protobuf::internal::LazyString::inited_': struct 'std::atomic<const std::string *>' needs to have dll-interface to be used by clients of class 'google::protobuf::internal::LazyString'
C:\localapp\apps\vcpkg\vcpkg\packages\protobuf_x64-windows\include\google\protobuf\arenastring.h(82): message : see declaration of 'std::atomic<const std::string *>'
C:\localapp\apps\vcpkg\vcpkg\packages\protobuf_x64-windows\include\google\protobuf\arenastring.h(367,19): warning C4251: 'google::protobuf::internal::ArenaStringPtr::tagged_ptr_': class 'google::protobuf::internal::TaggedStringPtr' needs to have dll-interface to be used by clients of struct 'google::protobuf::internal::ArenaStringPtr'
C:\localapp\apps\vcpkg\vcpkg\packages\protobuf_x64-windows\include\google\protobuf\arenastring.h(97): message : see declaration of 'google::protobuf::internal::TaggedStringPtr'
C:\localapp\apps\vcpkg\vcpkg\packages\protobuf_x64-windows\include\google\protobuf\metadata_lite.h(307,15): warning C4251: 'google::protobuf::internal::LiteUnknownFieldSetter::buffer_': class 'std::basic_string<char,std::char_traits<char>,std::allocator<char>>' needs to have dll-interface to be used by clients of class 'google::protobuf::internal::LiteUnknownFieldSetter'
C:\Program Files (x86)\Microsoft Visual Studio\2019\Professional\VC\Tools\MSVC\14.29.30133\include\xstring(4871): message : see declaration of 'std::basic_string<char,std::char_traits<char>,std::allocator<char>>'
C:\localapp\apps\vcpkg\vcpkg\packages\protobuf_x64-windows\include\google\protobuf\generated_message_util.h(194,20): warning C4251: 'google::protobuf::internal::CachedSize::size_': struct 'std::atomic<int>' needs to have dll-interface to be used by clients of class 'google::protobuf::internal::CachedSize'
C:\Program Files (x86)\Microsoft Visual Studio\2019\Professional\VC\Tools\MSVC\14.29.30133\include\atomic(2842): message : see declaration of 'std::atomic<int>'
C:\localapp\apps\vcpkg\vcpkg\packages\protobuf_x64-windows\include\google\protobuf\stubs\mutex.h(136,40): warning C4251: 'google::protobuf::internal::WrappedMutex::mu_': class 'google::protobuf::internal::CallOnceInitializedMutex<std::mutex>' needs to have dll-interface to be used by clients of class 'google::protobuf::internal::WrappedMutex'
C:\localapp\apps\vcpkg\vcpkg\packages\protobuf_x64-windows\include\google\protobuf\stubs\mutex.h(136): message : see declaration of 'google::protobuf::internal::CallOnceInitializedMutex<std::mutex>'
C:\localapp\apps\vcpkg\vcpkg\packages\protobuf_x64-windows\include\google\protobuf\descriptor.h(2063,27): warning C4251: 'google::protobuf::DescriptorPool::tables_': class 'std::unique_ptr<google::protobuf::DescriptorPool::Tables,std::default_delete<google::protobuf::DescriptorPool::Tables>>' needs to have dll-interface to be used by clients of class 'google::protobuf::DescriptorPool'
C:\localapp\apps\vcpkg\vcpkg\packages\protobuf_x64-windows\include\google\protobuf\descriptor.h(2063): message : see declaration of 'std::unique_ptr<google::protobuf::DescriptorPool::Tables,std::default_delete<google::protobuf::DescriptorPool::Tables>>'
C:\localapp\apps\vcpkg\vcpkg\packages\protobuf_x64-windows\include\google\protobuf\descriptor.h(2073,31): warning C4251: 'google::protobuf::DescriptorPool::unused_import_track_files_': class 'std::map<std::string,bool,std::less<std::string>,std::allocator<std::pair<const std::string,bool>>>' needs to have dll-interface to be used by clients of class 'google::protobuf::DescriptorPool'
C:\localapp\apps\vcpkg\vcpkg\packages\protobuf_x64-windows\include\google\protobuf\descriptor.h(2073): message : see declaration of 'std::map<std::string,bool,std::less<std::string>,std::allocator<std::pair<const std::string,bool>>>'
C:\localapp\apps\vcpkg\vcpkg\packages\protobuf_x64-windows\include\google\protobuf\io\zero_copy_stream_impl_lite.h(247,30): warning C4251: 'google::protobuf::io::CopyingInputStreamAdaptor::buffer_': class 'std::unique_ptr<uint8_t [],std::default_delete<uint8_t []>>' needs to have dll-interface to be used by clients of class 'google::protobuf::io::CopyingInputStreamAdaptor'
C:\localapp\apps\vcpkg\vcpkg\packages\protobuf_x64-windows\include\google\protobuf\io\zero_copy_stream_impl_lite.h(247): message : see declaration of 'std::unique_ptr<uint8_t [],std::default_delete<uint8_t []>>'
C:\localapp\apps\vcpkg\vcpkg\packages\protobuf_x64-windows\include\google\protobuf\io\zero_copy_stream_impl_lite.h(338,30): warning C4251: 'google::protobuf::io::CopyingOutputStreamAdaptor::buffer_': class 'std::unique_ptr<uint8_t [],std::default_delete<uint8_t []>>' needs to have dll-interface to be used by clients of class 'google::protobuf::io::CopyingOutputStreamAdaptor'
C:\localapp\apps\vcpkg\vcpkg\packages\protobuf_x64-windows\include\google\protobuf\io\zero_copy_stream_impl_lite.h(247): message : see declaration of 'std::unique_ptr<uint8_t [],std::default_delete<uint8_t []>>'
C:\localapp\apps\vcpkg\vcpkg\packages\protobuf_x64-windows\include\google\protobuf\unknown_field_set.h(211,29): warning C4251: 'google::protobuf::UnknownFieldSet::fields_': class 'std::vector<google::protobuf::UnknownField,std::allocator<google::protobuf::UnknownField>>' needs to have dll-interface to be used by clients of class 'google::protobuf::UnknownFieldSet'
C:\localapp\apps\vcpkg\vcpkg\packages\protobuf_x64-windows\include\google\protobuf\unknown_field_set.h(211): message : see declaration of 'std::vector<google::protobuf::UnknownField,std::allocator<google::protobuf::UnknownField>>'
C:\localapp\apps\vcpkg\vcpkg\packages\protobuf_x64-windows\include\google\protobuf\extension_set.h(1057,26): warning C4251: 'google::protobuf::internal::RepeatedPrimitiveDefaults::default_repeated_field_int32_t_': class 'google::protobuf::RepeatedField<int32_t>' needs to have dll-interface to be used by clients of class 'google::protobuf::internal::RepeatedPrimitiveDefaults'
C:\localapp\apps\vcpkg\vcpkg\packages\protobuf_x64-windows\include\google\protobuf\repeated_field.h(1193): message : see declaration of 'google::protobuf::RepeatedField<int32_t>'
C:\localapp\apps\vcpkg\vcpkg\packages\protobuf_x64-windows\include\google\protobuf\extension_set.h(1058,26): warning C4251: 'google::protobuf::internal::RepeatedPrimitiveDefaults::default_repeated_field_int64_t_': class 'google::protobuf::RepeatedField<int64_t>' needs to have dll-interface to be used by clients of class 'google::protobuf::internal::RepeatedPrimitiveDefaults'
C:\localapp\apps\vcpkg\vcpkg\packages\protobuf_x64-windows\include\google\protobuf\repeated_field.h(1195): message : see declaration of 'google::protobuf::RepeatedField<int64_t>'
C:\localapp\apps\vcpkg\vcpkg\packages\protobuf_x64-windows\include\google\protobuf\extension_set.h(1059,27): warning C4251: 'google::protobuf::internal::RepeatedPrimitiveDefaults::default_repeated_field_uint32_t_': class 'google::protobuf::RepeatedField<uint32_t>' needs to have dll-interface to be used by clients of class 'google::protobuf::internal::RepeatedPrimitiveDefaults'
C:\localapp\apps\vcpkg\vcpkg\packages\protobuf_x64-windows\include\google\protobuf\repeated_field.h(1194): message : see declaration of 'google::protobuf::RepeatedField<uint32_t>'
C:\localapp\apps\vcpkg\vcpkg\packages\protobuf_x64-windows\include\google\protobuf\extension_set.h(1060,27): warning C4251: 'google::protobuf::internal::RepeatedPrimitiveDefaults::default_repeated_field_uint64_t_': class 'google::protobuf::RepeatedField<uint64_t>' needs to have dll-interface to be used by clients of class 'google::protobuf::internal::RepeatedPrimitiveDefaults'
C:\localapp\apps\vcpkg\vcpkg\packages\protobuf_x64-windows\include\google\protobuf\repeated_field.h(1196): message : see declaration of 'google::protobuf::RepeatedField<uint64_t>'
C:\localapp\apps\vcpkg\vcpkg\packages\protobuf_x64-windows\include\google\protobuf\extension_set.h(1061,25): warning C4251: 'google::protobuf::internal::RepeatedPrimitiveDefaults::default_repeated_field_double_': class 'google::protobuf::RepeatedField<double>' needs to have dll-interface to be used by clients of class 'google::protobuf::internal::RepeatedPrimitiveDefaults'
C:\localapp\apps\vcpkg\vcpkg\packages\protobuf_x64-windows\include\google\protobuf\repeated_field.h(1198): message : see declaration of 'google::protobuf::RepeatedField<double>'
C:\localapp\apps\vcpkg\vcpkg\packages\protobuf_x64-windows\include\google\protobuf\extension_set.h(1062,24): warning C4251: 'google::protobuf::internal::RepeatedPrimitiveDefaults::default_repeated_field_float_': class 'google::protobuf::RepeatedField<float>' needs to have dll-interface to be used by clients of class 'google::protobuf::internal::RepeatedPrimitiveDefaults'
C:\localapp\apps\vcpkg\vcpkg\packages\protobuf_x64-windows\include\google\protobuf\repeated_field.h(1197): message : see declaration of 'google::protobuf::RepeatedField<float>'
C:\localapp\apps\vcpkg\vcpkg\packages\protobuf_x64-windows\include\google\protobuf\extension_set.h(1063,23): warning C4251: 'google::protobuf::internal::RepeatedPrimitiveDefaults::default_repeated_field_bool_': class 'google::protobuf::RepeatedField<bool>' needs to have dll-interface to be used by clients of class 'google::protobuf::internal::RepeatedPrimitiveDefaults'
C:\localapp\apps\vcpkg\vcpkg\packages\protobuf_x64-windows\include\google\protobuf\repeated_field.h(1192): message : see declaration of 'google::protobuf::RepeatedField<bool>'
C:\localapp\apps\vcpkg\vcpkg\packages\protobuf_x64-windows\include\google\protobuf\descriptor_database.h(271,47): warning C4251: 'google::protobuf::SimpleDescriptorDatabase::index_': class 'google::protobuf::SimpleDescriptorDatabase::DescriptorIndex<const google::protobuf::FileDescriptorProto *>' needs to have dll-interface to be used by clients of class 'google::protobuf::SimpleDescriptorDatabase'
C:\localapp\apps\vcpkg\vcpkg\packages\protobuf_x64-windows\include\google\protobuf\descriptor_database.h(271): message : see declaration of 'google::protobuf::SimpleDescriptorDatabase::DescriptorIndex<const google::protobuf::FileDescriptorProto *>'
C:\localapp\apps\vcpkg\vcpkg\packages\protobuf_x64-windows\include\google\protobuf\descriptor_database.h(272,59): warning C4251: 'google::protobuf::SimpleDescriptorDatabase::files_to_delete_': class 'std::vector<std::unique_ptr<const google::protobuf::FileDescriptorProto,std::default_delete<const google::protobuf::FileDescriptorProto>>,std::allocator<std::unique_ptr<const google::protobuf::FileDescriptorProto,std::default_delete<const google::protobuf::FileDescriptorProto>>>>' needs to have dll-interface to be used by clients of class 'google::protobuf::SimpleDescriptorDatabase'
C:\localapp\apps\vcpkg\vcpkg\packages\protobuf_x64-windows\include\google\protobuf\descriptor_database.h(272): message : see declaration of 'std::vector<std::unique_ptr<const google::protobuf::FileDescriptorProto,std::default_delete<const google::protobuf::FileDescriptorProto>>,std::allocator<std::unique_ptr<const google::protobuf::FileDescriptorProto,std::default_delete<const google::protobuf::FileDescriptorProto>>>>'
C:\localapp\apps\vcpkg\vcpkg\packages\protobuf_x64-windows\include\google\protobuf\descriptor_database.h(323,36): warning C4251: 'google::protobuf::EncodedDescriptorDatabase::index_': class 'std::unique_ptr<google::protobuf::EncodedDescriptorDatabase::DescriptorIndex,std::default_delete<google::protobuf::EncodedDescriptorDatabase::DescriptorIndex>>' needs to have dll-interface to be used by clients of class 'google::protobuf::EncodedDescriptorDatabase'
C:\localapp\apps\vcpkg\vcpkg\packages\protobuf_x64-windows\include\google\protobuf\descriptor_database.h(323): message : see declaration of 'std::unique_ptr<google::protobuf::EncodedDescriptorDatabase::DescriptorIndex,std::default_delete<google::protobuf::EncodedDescriptorDatabase::DescriptorIndex>>'
C:\localapp\apps\vcpkg\vcpkg\packages\protobuf_x64-windows\include\google\protobuf\descriptor_database.h(324,22): warning C4251: 'google::protobuf::EncodedDescriptorDatabase::files_to_delete_': class 'std::vector<void *,std::allocator<void *>>' needs to have dll-interface to be used by clients of class 'google::protobuf::EncodedDescriptorDatabase'
C:\localapp\apps\vcpkg\vcpkg\packages\protobuf_x64-windows\include\google\protobuf\descriptor_database.h(324): message : see declaration of 'std::vector<void *,std::allocator<void *>>'
C:\localapp\apps\vcpkg\vcpkg\packages\protobuf_x64-windows\include\google\protobuf\descriptor_database.h(389,36): warning C4251: 'google::protobuf::MergedDescriptorDatabase::sources_': class 'std::vector<google::protobuf::DescriptorDatabase *,std::allocator<google::protobuf::DescriptorDatabase *>>' needs to have dll-interface to be used by clients of class 'google::protobuf::MergedDescriptorDatabase'
C:\localapp\apps\vcpkg\vcpkg\packages\protobuf_x64-windows\include\google\protobuf\descriptor_database.h(367): message : see declaration of 'std::vector<google::protobuf::DescriptorDatabase *,std::allocator<google::protobuf::DescriptorDatabase *>>'
gpr.lib(log_windows.cc.obj) : error LNK2038: mismatch detected for '_ITERATOR_DEBUG_LEVEL': value '0' doesn't match value '2' in adressbook.obj
gpr.lib(log_windows.cc.obj) : error LNK2038: mismatch detected for 'RuntimeLibrary': value 'MD_DynamicRelease' doesn't match value 'MDd_DynamicDebug' in adressbook.obj
gpr.lib(log.cc.obj) : error LNK2038: mismatch detected for '_ITERATOR_DEBUG_LEVEL': value '0' doesn't match value '2' in adressbook.obj
gpr.lib(log.cc.obj) : error LNK2038: mismatch detected for 'RuntimeLibrary': value 'MD_DynamicRelease' doesn't match value 'MDd_DynamicDebug' in adressbook.obj
gpr.lib(examine_stack.cc.obj) : error LNK2038: mismatch detected for '_ITERATOR_DEBUG_LEVEL': value '0' doesn't match value '2' in adressbook.obj
gpr.lib(examine_stack.cc.obj) : error LNK2038: mismatch detected for 'RuntimeLibrary': value 'MD_DynamicRelease' doesn't match value 'MDd_DynamicDebug' in adressbook.obj
gpr.lib(string.cc.obj) : error LNK2038: mismatch detected for '_ITERATOR_DEBUG_LEVEL': value '0' doesn't match value '2' in adressbook.obj
gpr.lib(string.cc.obj) : error LNK2038: mismatch detected for 'RuntimeLibrary': value 'MD_DynamicRelease' doesn't match value 'MDd_DynamicDebug' in adressbook.obj
gpr.lib(global_config_env.cc.obj) : error LNK2038: mismatch detected for '_ITERATOR_DEBUG_LEVEL': value '0' doesn't match value '2' in adressbook.obj
gpr.lib(global_config_env.cc.obj) : error LNK2038: mismatch detected for 'RuntimeLibrary': value 'MD_DynamicRelease' doesn't match value 'MDd_DynamicDebug' in adressbook.obj
gpr.lib(env_windows.cc.obj) : error LNK2038: mismatch detected for '_ITERATOR_DEBUG_LEVEL': value '0' doesn't match value '2' in adressbook.obj
gpr.lib(env_windows.cc.obj) : error LNK2038: mismatch detected for 'RuntimeLibrary': value 'MD_DynamicRelease' doesn't match value 'MDd_DynamicDebug' in adressbook.obj
gpr.lib(tchar.cc.obj) : error LNK2038: mismatch detected for '_ITERATOR_DEBUG_LEVEL': value '0' doesn't match value '2' in adressbook.obj
gpr.lib(tchar.cc.obj) : error LNK2038: mismatch detected for 'RuntimeLibrary': value 'MD_DynamicRelease' doesn't match value 'MDd_DynamicDebug' in adressbook.obj
grpc++.lib(codegen_init.cc.obj) : error LNK2038: mismatch detected for '_ITERATOR_DEBUG_LEVEL': value '0' doesn't match value '2' in adressbook.obj
grpc++.lib(codegen_init.cc.obj) : error LNK2038: mismatch detected for 'RuntimeLibrary': value 'MD_DynamicRelease' doesn't match value 'MDd_DynamicDebug' in adressbook.obj
grpc++.lib(status.cc.obj) : error LNK2038: mismatch detected for '_ITERATOR_DEBUG_LEVEL': value '0' doesn't match value '2' in adressbook.obj
grpc++.lib(status.cc.obj) : error LNK2038: mismatch detected for 'RuntimeLibrary': value 'MD_DynamicRelease' doesn't match value 'MDd_DynamicDebug' in adressbook.obj
LINK : warning LNK4098: defaultlib 'MSVCRT' conflicts with use of other libs; use /NODEFAULTLIB:library
route_guide.grpc.pb.obj : error LNK2019: unresolved external symbol "public: __cdecl absl::lts_20230125::Mutex::~Mutex(void)" (??1Mutex@lts_20230125@absl@@QEAA@XZ) referenced in function "int `protected: __cdecl grpc::CompletionQueue::CompletionQueue(struct grpc_completion_queue_attributes const &)'::`1'::dtor$1" (?dtor$1@?0???0CompletionQueue@grpc@@IEAA@AEBUgrpc_completion_queue_attributes@@@Z@4HA)
gpr.lib(string.cc.obj) : error LNK2019: unresolved external symbol "class std::basic_string<char,struct std::char_traits<char>,class std::allocator<char> > __cdecl absl::lts_20230125::StrCat(class absl::lts_20230125::AlphaNum const &,class absl::lts_20230125::AlphaNum const &,class absl::lts_20230125::AlphaNum const &)" (?StrCat@lts_20230125@absl@@YA?AV?$basic_string@DU?$char_traits@D@std@@V?$allocator@D@2@@std@@AEBVAlphaNum@12@00@Z) referenced in function "class std::basic_string<char,struct std::char_traits<char>,class std::allocator<char> > __cdecl gpr_format_timespec(struct gpr_timespec)" (?gpr_format_timespec@@YA?AV?$basic_string@DU?$char_traits@D@std@@V?$allocator@D@2@@std@@Ugpr_timespec@@@Z)
gpr.lib(global_config_env.cc.obj) : error LNK2019: unresolved external symbol "private: static bool __cdecl absl::lts_20230125::str_format_internal::FormatArgImpl::Dispatch<char const *>(union absl::lts_20230125::str_format_internal::FormatArgImpl::Data,class absl::lts_20230125::str_format_internal::FormatConversionSpecImpl,void *)" (??$Dispatch@PEBD@FormatArgImpl@str_format_internal@lts_20230125@absl@@CA_NTData@0123@VFormatConversionSpecImpl@123@PEAX@Z) referenced in function "public: __cdecl absl::lts_20230125::str_format_internal::FormatArgImpl::FormatArgImpl<char const *>(char const * const &)" (??$?0PEBD@FormatArgImpl@str_format_internal@lts_20230125@absl@@QEAA@AEBQEBD@Z)
gpr.lib(global_config_env.cc.obj) : error LNK2019: unresolved external symbol "class std::basic_string<char,struct std::char_traits<char>,class std::allocator<char> > __cdecl absl::lts_20230125::str_format_internal::FormatPack(class absl::lts_20230125::str_format_internal::UntypedFormatSpecImpl,class absl::lts_20230125::Span<class absl::lts_20230125::str_format_internal::FormatArgImpl const >)" (?FormatPack@str_format_internal@lts_20230125@absl@@YA?AV?$basic_string@DU?$char_traits@D@std@@V?$allocator@D@2@@std@@VUntypedFormatSpecImpl@123@V?$Span@$$CBVFormatArgImpl@str_format_internal@lts_20230125@absl@@@23@@Z) referenced in function "class std::basic_string<char,struct std::char_traits<char>,class std::allocator<char> > __cdecl absl::lts_20230125::StrFormat<char const *,char const *>(class absl::lts_20230125::str_format_internal::FormatSpecTemplate<262148,262148> const &,char const * const &,char const * const &)" (??$StrFormat@PEBDPEBD@lts_20230125@absl@@YA?AV?$basic_string@DU?$char_traits@D@std@@V?$allocator@D@2@@std@@AEBV?$FormatSpecTemplate@$0EAAAE@$0EAAAE@@str_format_internal@01@AEBQEBD1@Z)
gpr.lib(global_config_env.cc.obj) : error LNK2019: unresolved external symbol "__declspec(dllimport) void __cdecl absl::lts_20230125::optional_internal::throw_bad_optional_access(void)" (__imp_?throw_bad_optional_access@optional_internal@lts_20230125@absl@@YAXXZ) referenced in function "public: class std::basic_string<char,struct std::char_traits<char>,class std::allocator<char> > & __cdecl absl::lts_20230125::optional<class std::basic_string<char,struct std::char_traits<char>,class std::allocator<char> > >::value(void)& " (?value@?$optional@V?$basic_string@DU?$char_traits@D@std@@V?$allocator@D@2@@std@@@lts_20230125@absl@@QEGAAAEAV?$basic_string@DU?$char_traits@D@std@@V?$allocator@D@2@@std@@XZ)
C:\Users\FL0036251\source\repos\adressbook\x64\Debug\adressbook.exe : fatal error LNK1120: 5 unresolved externals
